# JRE version: Java(TM) SE Runtime Environment (8.0_131-b11) (build 1.8.0_131-b11)
# Java VM: Java HotSpot(TM) 64-Bit Server VM (25.131-b11 mixed mode windows-amd64 compressed oops)
Heap:
 PSYoungGen      total 222208K, used 60167K [0x00000000d5d80000, 0x00000000e9d00000, 0x0000000100000000)
  eden space 205824K, 21% used [0x00000000d5d80000,0x00000000d88422e0,0x00000000e2680000)
  from space 16384K, 99% used [0x00000000e2680000,0x00000000e367fce0,0x00000000e3680000)
  to   space 18432K, 0% used [0x00000000e8b00000,0x00000000e8b00000,0x00000000e9d00000)
 ParOldGen       total 79872K, used 23530K [0x0000000081800000, 0x0000000086600000, 0x00000000d5d80000)
  object space 79872K, 29% used [0x0000000081800000,0x0000000082efaad8,0x0000000086600000)
 Metaspace       used 46498K, capacity 49130K, committed 49408K, reserved 1091584K
  class space    used 6375K, capacity 6884K, committed 6912K, reserved 1048576K
GC Heap History (10 events):
Event: 3.778 GC heap before
{Heap before GC invocations=7 (full 1):
 PSYoungGen      total 71680K, used 66560K [0x00000000d5d80000, 0x00000000df180000, 0x0000000100000000)
  eden space 66560K, 100% used [0x00000000d5d80000,0x00000000d9e80000,0x00000000d9e80000)
  from space 5120K, 0% used [0x00000000d9e80000,0x00000000d9e80000,0x00000000da380000)
  to   space 9216K, 0% used [0x00000000de880000,0x00000000de880000,0x00000000df180000)
 ParOldGen       total 48640K, used 5662K [0x0000000081800000, 0x0000000084780000, 0x00000000d5d80000)
  object space 48640K, 11% used [0x0000000081800000,0x0000000081d87a68,0x0000000084780000)
 Metaspace       used 22807K, capacity 23496K, committed 23808K, reserved 1069056K
  class space    used 3037K, capacity 3226K, committed 3328K, reserved 1048576K
Event: 3.788 GC heap after
Heap after GC invocations=7 (full 1):
 PSYoungGen      total 125952K, used 6135K [0x00000000d5d80000, 0x00000000dee80000, 0x0000000100000000)
  eden space 119808K, 0% used [0x00000000d5d80000,0x00000000d5d80000,0x00000000dd280000)
  from space 6144K, 99% used [0x00000000de880000,0x00000000dee7dd28,0x00000000dee80000)
  to   space 8704K, 0% used [0x00000000ddd80000,0x00000000ddd80000,0x00000000de600000)
 ParOldGen       total 48640K, used 5734K [0x0000000081800000, 0x0000000084780000, 0x00000000d5d80000)
  object space 48640K, 11% used [0x0000000081800000,0x0000000081d99a78,0x0000000084780000)
 Metaspace       used 22807K, capacity 23496K, committed 23808K, reserved 1069056K
  class space    used 3037K, capacity 3226K, committed 3328K, reserved 1048576K
}
Event: 4.880 GC heap before
{Heap before GC invocations=8 (full 1):
 PSYoungGen      total 125952K, used 125943K [0x00000000d5d80000, 0x00000000dee80000, 0x0000000100000000)
  eden space 119808K, 100% used [0x00000000d5d80000,0x00000000dd280000,0x00000000dd280000)
  from space 6144K, 99% used [0x00000000de880000,0x00000000dee7dd28,0x00000000dee80000)
  to   space 8704K, 0% used [0x00000000ddd80000,0x00000000ddd80000,0x00000000de600000)
 ParOldGen       total 48640K, used 5734K [0x0000000081800000, 0x0000000084780000, 0x00000000d5d80000)
  object space 48640K, 11% used [0x0000000081800000,0x0000000081d99a78,0x0000000084780000)
 Metaspace       used 29069K, capacity 30552K, committed 30720K, reserved 1075200K
  class space    used 3944K, capacity 4264K, committed 4352K, reserved 1048576K
Event: 4.900 GC heap after
Heap after GC invocations=8 (full 1):
 PSYoungGen      total 139776K, used 8703K [0x00000000d5d80000, 0x00000000e4280000, 0x0000000100000000)
  eden space 131072K, 0% used [0x00000000d5d80000,0x00000000d5d80000,0x00000000ddd80000)
  from space 8704K, 99% used [0x00000000ddd80000,0x00000000de5ffd38,0x00000000de600000)
  to   space 12288K, 0% used [0x00000000e3680000,0x00000000e3680000,0x00000000e4280000)
 ParOldGen       total 48640K, used 10505K [0x0000000081800000, 0x0000000084780000, 0x00000000d5d80000)
  object space 48640K, 21% used [0x0000000081800000,0x0000000082242688,0x0000000084780000)
 Metaspace       used 29069K, capacity 30552K, committed 30720K, reserved 1075200K
  class space    used 3944K, capacity 4264K, committed 4352K, reserved 1048576K
}
Event: 5.537 GC heap before
{Heap before GC invocations=9 (full 1):
 PSYoungGen      total 139776K, used 104019K [0x00000000d5d80000, 0x00000000e4280000, 0x0000000100000000)
  eden space 131072K, 72% used [0x00000000d5d80000,0x00000000dba95218,0x00000000ddd80000)
  from space 8704K, 99% used [0x00000000ddd80000,0x00000000de5ffd38,0x00000000de600000)
  to   space 12288K, 0% used [0x00000000e3680000,0x00000000e3680000,0x00000000e4280000)
 ParOldGen       total 48640K, used 10505K [0x0000000081800000, 0x0000000084780000, 0x00000000d5d80000)
  object space 48640K, 21% used [0x0000000081800000,0x0000000082242688,0x0000000084780000)
 Metaspace       used 33902K, capacity 35460K, committed 35496K, reserved 1079296K
  class space    used 4547K, capacity 4860K, committed 4864K, reserved 1048576K
Event: 5.554 GC heap after
Heap after GC invocations=9 (full 1):
 PSYoungGen      total 218112K, used 12280K [0x00000000d5d80000, 0x00000000e5900000, 0x0000000100000000)
  eden space 205824K, 0% used [0x00000000d5d80000,0x00000000d5d80000,0x00000000e2680000)
  from space 12288K, 99% used [0x00000000e3680000,0x00000000e427e0f0,0x00000000e4280000)
  to   space 16384K, 0% used [0x00000000e2680000,0x00000000e2680000,0x00000000e3680000)
 ParOldGen       total 48640K, used 16228K [0x0000000081800000, 0x0000000084780000, 0x00000000d5d80000)
  object space 48640K, 33% used [0x0000000081800000,0x00000000827d9048,0x0000000084780000)
 Metaspace       used 33902K, capacity 35460K, committed 35496K, reserved 1079296K
  class space    used 4547K, capacity 4860K, committed 4864K, reserved 1048576K
}
Event: 5.554 GC heap before
{Heap before GC invocations=10 (full 2):
 PSYoungGen      total 218112K, used 12280K [0x00000000d5d80000, 0x00000000e5900000, 0x0000000100000000)
  eden space 205824K, 0% used [0x00000000d5d80000,0x00000000d5d80000,0x00000000e2680000)
  from space 12288K, 99% used [0x00000000e3680000,0x00000000e427e0f0,0x00000000e4280000)
  to   space 16384K, 0% used [0x00000000e2680000,0x00000000e2680000,0x00000000e3680000)
 ParOldGen       total 48640K, used 16228K [0x0000000081800000, 0x0000000084780000, 0x00000000d5d80000)
  object space 48640K, 33% used [0x0000000081800000,0x00000000827d9048,0x0000000084780000)
 Metaspace       used 33902K, capacity 35460K, committed 35496K, reserved 1079296K
  class space    used 4547K, capacity 4860K, committed 4864K, reserved 1048576K
Event: 5.621 GC heap after
Heap after GC invocations=10 (full 2):
 PSYoungGen      total 218112K, used 0K [0x00000000d5d80000, 0x00000000e5900000, 0x0000000100000000)
  eden space 205824K, 0% used [0x00000000d5d80000,0x00000000d5d80000,0x00000000e2680000)
  from space 12288K, 0% used [0x00000000e3680000,0x00000000e3680000,0x00000000e4280000)
  to   space 16384K, 0% used [0x00000000e2680000,0x00000000e2680000,0x00000000e3680000)
 ParOldGen       total 79872K, used 23265K [0x0000000081800000, 0x0000000086600000, 0x00000000d5d80000)
  object space 79872K, 29% used [0x0000000081800000,0x0000000082eb8768,0x0000000086600000)
 Metaspace       used 33899K, capacity 35454K, committed 35496K, reserved 1079296K
  class space    used 4546K, capacity 4859K, committed 4864K, reserved 1048576K
}
Event: 10.286 GC heap before
{Heap before GC invocations=11 (full 2):
 PSYoungGen      total 218112K, used 205824K [0x00000000d5d80000, 0x00000000e5900000, 0x0000000100000000)
  eden space 205824K, 100% used [0x00000000d5d80000,0x00000000e2680000,0x00000000e2680000)
  from space 12288K, 0% used [0x00000000e3680000,0x00000000e3680000,0x00000000e4280000)
  to   space 16384K, 0% used [0x00000000e2680000,0x00000000e2680000,0x00000000e3680000)
 ParOldGen       total 79872K, used 23265K [0x0000000081800000, 0x0000000086600000, 0x00000000d5d80000)
  object space 79872K, 29% used [0x0000000081800000,0x0000000082eb8768,0x0000000086600000)
 Metaspace       used 45251K, capacity 47754K, committed 47872K, reserved 1091584K
  class space    used 6175K, capacity 6632K, committed 6656K, reserved 1048576K
Event: 10.306 GC heap after
Heap after GC invocations=11 (full 2):
 PSYoungGen      total 222208K, used 16383K [0x00000000d5d80000, 0x00000000e9d00000, 0x0000000100000000)
  eden space 205824K, 0% used [0x00000000d5d80000,0x00000000d5d80000,0x00000000e2680000)
  from space 16384K, 99% used [0x00000000e2680000,0x00000000e367fce0,0x00000000e3680000)
  to   space 18432K, 0% used [0x00000000e8b00000,0x00000000e8b00000,0x00000000e9d00000)
 ParOldGen       total 79872K, used 23530K [0x0000000081800000, 0x0000000086600000, 0x00000000d5d80000)
  object space 79872K, 29% used [0x0000000081800000,0x0000000082efaad8,0x0000000086600000)
 Metaspace       used 45251K, capacity 47754K, committed 47872K, reserved 1091584K
  class space    used 6175K, capacity 6632K, committed 6656K, reserved 1048576K
}

