# JRE version: Java(TM) SE Runtime Environment (8.0_131-b11) (build 1.8.0_131-b11)
# Java VM: Java HotSpot(TM) 64-Bit Server VM (25.131-b11 mixed mode windows-amd64 compressed oops)
Heap:
 PSYoungGen      total 109056K, used 9729K [0x00000000d5d80000, 0x00000000dd300000, 0x0000000100000000)
  eden space 99840K, 9% used [0x00000000d5d80000,0x00000000d6700498,0x00000000dbf00000)
  from space 9216K, 0% used [0x00000000dc980000,0x00000000dc980000,0x00000000dd280000)
  to   space 10240K, 0% used [0x00000000dbf00000,0x00000000dbf00000,0x00000000dc900000)
 ParOldGen       total 81920K, used 14173K [0x0000000081800000, 0x0000000086800000, 0x00000000d5d80000)
  object space 81920K, 17% used [0x0000000081800000,0x00000000825d75d8,0x0000000086800000)
 Metaspace       used 34532K, capacity 35596K, committed 35928K, reserved 1081344K
  class space    used 4433K, capacity 4658K, committed 4736K, reserved 1048576K
GC Heap History (10 events):
Event: 2.723 GC heap before
{Heap before GC invocations=6 (full 1):
 PSYoungGen      total 71680K, used 5091K [0x00000000d5d80000, 0x00000000da880000, 0x0000000100000000)
  eden space 66560K, 0% used [0x00000000d5d80000,0x00000000d5d80000,0x00000000d9e80000)
  from space 5120K, 99% used [0x00000000d9e80000,0x00000000da378fc0,0x00000000da380000)
  to   space 5120K, 0% used [0x00000000da380000,0x00000000da380000,0x00000000da880000)
 ParOldGen       total 87552K, used 5361K [0x0000000081800000, 0x0000000086d80000, 0x00000000d5d80000)
  object space 87552K, 6% used [0x0000000081800000,0x0000000081d3c680,0x0000000086d80000)
 Metaspace       used 20649K, capacity 21176K, committed 21248K, reserved 1067008K
  class space    used 2648K, capacity 2800K, committed 2816K, reserved 1048576K
Event: 2.764 GC heap after
Heap after GC invocations=6 (full 1):
 PSYoungGen      total 71680K, used 0K [0x00000000d5d80000, 0x00000000da880000, 0x0000000100000000)
  eden space 66560K, 0% used [0x00000000d5d80000,0x00000000d5d80000,0x00000000d9e80000)
  from space 5120K, 0% used [0x00000000d9e80000,0x00000000d9e80000,0x00000000da380000)
  to   space 5120K, 0% used [0x00000000da380000,0x00000000da380000,0x00000000da880000)
 ParOldGen       total 54272K, used 7068K [0x0000000081800000, 0x0000000084d00000, 0x00000000d5d80000)
  object space 54272K, 13% used [0x0000000081800000,0x0000000081ee7298,0x0000000084d00000)
 Metaspace       used 20649K, capacity 21176K, committed 21248K, reserved 1067008K
  class space    used 2648K, capacity 2800K, committed 2816K, reserved 1048576K
}
Event: 3.602 GC heap before
{Heap before GC invocations=7 (full 1):
 PSYoungGen      total 71680K, used 66560K [0x00000000d5d80000, 0x00000000da880000, 0x0000000100000000)
  eden space 66560K, 100% used [0x00000000d5d80000,0x00000000d9e80000,0x00000000d9e80000)
  from space 5120K, 0% used [0x00000000d9e80000,0x00000000d9e80000,0x00000000da380000)
  to   space 5120K, 0% used [0x00000000da380000,0x00000000da380000,0x00000000da880000)
 ParOldGen       total 54272K, used 7068K [0x0000000081800000, 0x0000000084d00000, 0x00000000d5d80000)
  object space 54272K, 13% used [0x0000000081800000,0x0000000081ee7298,0x0000000084d00000)
 Metaspace       used 26035K, capacity 26808K, committed 27136K, reserved 1073152K
  class space    used 3325K, capacity 3530K, committed 3584K, reserved 1048576K
Event: 3.616 GC heap after
Heap after GC invocations=7 (full 1):
 PSYoungGen      total 68608K, used 5095K [0x00000000d5d80000, 0x00000000dd880000, 0x0000000100000000)
  eden space 63488K, 0% used [0x00000000d5d80000,0x00000000d5d80000,0x00000000d9b80000)
  from space 5120K, 99% used [0x00000000da380000,0x00000000da879ee0,0x00000000da880000)
  to   space 8192K, 0% used [0x00000000d9b80000,0x00000000d9b80000,0x00000000da380000)
 ParOldGen       total 54272K, used 8999K [0x0000000081800000, 0x0000000084d00000, 0x00000000d5d80000)
  object space 54272K, 16% used [0x0000000081800000,0x00000000820c9e60,0x0000000084d00000)
 Metaspace       used 26035K, capacity 26808K, committed 27136K, reserved 1073152K
  class space    used 3325K, capacity 3530K, committed 3584K, reserved 1048576K
}
Event: 6.571 GC heap before
{Heap before GC invocations=8 (full 1):
 PSYoungGen      total 68608K, used 68583K [0x00000000d5d80000, 0x00000000dd880000, 0x0000000100000000)
  eden space 63488K, 100% used [0x00000000d5d80000,0x00000000d9b80000,0x00000000d9b80000)
  from space 5120K, 99% used [0x00000000da380000,0x00000000da879ee0,0x00000000da880000)
  to   space 8192K, 0% used [0x00000000d9b80000,0x00000000d9b80000,0x00000000da380000)
 ParOldGen       total 54272K, used 8999K [0x0000000081800000, 0x0000000084d00000, 0x00000000d5d80000)
  object space 54272K, 16% used [0x0000000081800000,0x00000000820c9e60,0x0000000084d00000)
 Metaspace       used 30184K, capacity 31166K, committed 31232K, reserved 1077248K
  class space    used 3853K, capacity 4075K, committed 4096K, reserved 1048576K
Event: 6.582 GC heap after
Heap after GC invocations=8 (full 1):
 PSYoungGen      total 71680K, used 8186K [0x00000000d5d80000, 0x00000000dd280000, 0x0000000100000000)
  eden space 63488K, 0% used [0x00000000d5d80000,0x00000000d5d80000,0x00000000d9b80000)
  from space 8192K, 99% used [0x00000000d9b80000,0x00000000da37eab0,0x00000000da380000)
  to   space 9216K, 0% used [0x00000000dc980000,0x00000000dc980000,0x00000000dd280000)
 ParOldGen       total 54272K, used 9629K [0x0000000081800000, 0x0000000084d00000, 0x00000000d5d80000)
  object space 54272K, 17% used [0x0000000081800000,0x00000000821677b8,0x0000000084d00000)
 Metaspace       used 30184K, capacity 31166K, committed 31232K, reserved 1077248K
  class space    used 3853K, capacity 4075K, committed 4096K, reserved 1048576K
}
Event: 7.268 GC heap before
{Heap before GC invocations=9 (full 1):
 PSYoungGen      total 71680K, used 66091K [0x00000000d5d80000, 0x00000000dd280000, 0x0000000100000000)
  eden space 63488K, 91% used [0x00000000d5d80000,0x00000000d960c3a8,0x00000000d9b80000)
  from space 8192K, 99% used [0x00000000d9b80000,0x00000000da37eab0,0x00000000da380000)
  to   space 9216K, 0% used [0x00000000dc980000,0x00000000dc980000,0x00000000dd280000)
 ParOldGen       total 54272K, used 9629K [0x0000000081800000, 0x0000000084d00000, 0x00000000d5d80000)
  object space 54272K, 17% used [0x0000000081800000,0x00000000821677b8,0x0000000084d00000)
 Metaspace       used 34233K, capacity 35270K, committed 35416K, reserved 1079296K
  class space    used 4401K, capacity 4657K, committed 4736K, reserved 1048576K
Event: 7.279 GC heap after
Heap after GC invocations=9 (full 1):
 PSYoungGen      total 109056K, used 9188K [0x00000000d5d80000, 0x00000000dd300000, 0x0000000100000000)
  eden space 99840K, 0% used [0x00000000d5d80000,0x00000000d5d80000,0x00000000dbf00000)
  from space 9216K, 99% used [0x00000000dc980000,0x00000000dd279058,0x00000000dd280000)
  to   space 10240K, 0% used [0x00000000dbf00000,0x00000000dbf00000,0x00000000dc900000)
 ParOldGen       total 54272K, used 9976K [0x0000000081800000, 0x0000000084d00000, 0x00000000d5d80000)
  object space 54272K, 18% used [0x0000000081800000,0x00000000821be148,0x0000000084d00000)
 Metaspace       used 34233K, capacity 35270K, committed 35416K, reserved 1079296K
  class space    used 4401K, capacity 4657K, committed 4736K, reserved 1048576K
}
Event: 7.279 GC heap before
{Heap before GC invocations=10 (full 2):
 PSYoungGen      total 109056K, used 9188K [0x00000000d5d80000, 0x00000000dd300000, 0x0000000100000000)
  eden space 99840K, 0% used [0x00000000d5d80000,0x00000000d5d80000,0x00000000dbf00000)
  from space 9216K, 99% used [0x00000000dc980000,0x00000000dd279058,0x00000000dd280000)
  to   space 10240K, 0% used [0x00000000dbf00000,0x00000000dbf00000,0x00000000dc900000)
 ParOldGen       total 54272K, used 9976K [0x0000000081800000, 0x0000000084d00000, 0x00000000d5d80000)
  object space 54272K, 18% used [0x0000000081800000,0x00000000821be148,0x0000000084d00000)
 Metaspace       used 34233K, capacity 35270K, committed 35416K, reserved 1079296K
  class space    used 4401K, capacity 4657K, committed 4736K, reserved 1048576K
Event: 7.363 GC heap after
Heap after GC invocations=10 (full 2):
 PSYoungGen      total 109056K, used 0K [0x00000000d5d80000, 0x00000000dd300000, 0x0000000100000000)
  eden space 99840K, 0% used [0x00000000d5d80000,0x00000000d5d80000,0x00000000dbf00000)
  from space 9216K, 0% used [0x00000000dc980000,0x00000000dc980000,0x00000000dd280000)
  to   space 10240K, 0% used [0x00000000dbf00000,0x00000000dbf00000,0x00000000dc900000)
 ParOldGen       total 81920K, used 14173K [0x0000000081800000, 0x0000000086800000, 0x00000000d5d80000)
  object space 81920K, 17% used [0x0000000081800000,0x00000000825d75d8,0x0000000086800000)
 Metaspace       used 34233K, capacity 35270K, committed 35416K, reserved 1079296K
  class space    used 4401K, capacity 4657K, committed 4736K, reserved 1048576K
}

